2020-06-18T09:19:43+00:00 CRITICAL Uncaught Error: Call to undefined function get_results() in /Applications/MAMP/htdocs/projet_sylur/wp-content/plugins/sondage/sondage.php:32
Stack trace:
#0 /Applications/MAMP/htdocs/projet_sylur/wp-includes/class-wp-hook.php(287): Satisfaction_Plugin->menu_html('')
#1 /Applications/MAMP/htdocs/projet_sylur/wp-includes/class-wp-hook.php(311): WP_Hook->apply_filters('', Array)
#2 /Applications/MAMP/htdocs/projet_sylur/wp-includes/plugin.php(478): WP_Hook->do_action(Array)
#3 /Applications/MAMP/htdocs/projet_sylur/wp-admin/admin.php(254): do_action('toplevel_page_s...')
#4 {main}
  thrown dans /Applications/MAMP/htdocs/projet_sylur/wp-content/plugins/sondage/sondage.php à la ligne 32

2020-06-18T09:33:31+00:00 CRITICAL Uncaught Error: Call to undefined function get_results() in /Applications/MAMP/htdocs/projet_sylur/wp-content/plugins/sondage/sondage.php:32
Stack trace:
#0 /Applications/MAMP/htdocs/projet_sylur/wp-includes/class-wp-hook.php(287): Satisfaction_Plugin->menu_html('')
#1 /Applications/MAMP/htdocs/projet_sylur/wp-includes/class-wp-hook.php(311): WP_Hook->apply_filters('', Array)
#2 /Applications/MAMP/htdocs/projet_sylur/wp-includes/plugin.php(478): WP_Hook->do_action(Array)
#3 /Applications/MAMP/htdocs/projet_sylur/wp-admin/admin.php(254): do_action('toplevel_page_s...')
#4 {main}
  thrown dans /Applications/MAMP/htdocs/projet_sylur/wp-content/plugins/sondage/sondage.php à la ligne 32

2020-06-18T09:33:39+00:00 CRITICAL Uncaught Error: Call to undefined function get_results() in /Applications/MAMP/htdocs/projet_sylur/wp-content/plugins/sondage/sondage.php:32
Stack trace:
#0 /Applications/MAMP/htdocs/projet_sylur/wp-includes/class-wp-hook.php(287): Satisfaction_Plugin->menu_html('')
#1 /Applications/MAMP/htdocs/projet_sylur/wp-includes/class-wp-hook.php(311): WP_Hook->apply_filters('', Array)
#2 /Applications/MAMP/htdocs/projet_sylur/wp-includes/plugin.php(478): WP_Hook->do_action(Array)
#3 /Applications/MAMP/htdocs/projet_sylur/wp-admin/admin.php(254): do_action('toplevel_page_s...')
#4 {main}
  thrown dans /Applications/MAMP/htdocs/projet_sylur/wp-content/plugins/sondage/sondage.php à la ligne 32

2020-06-18T09:36:28+00:00 CRITICAL Uncaught Error: Call to undefined function resume() in /Applications/MAMP/htdocs/projet_sylur/wp-content/plugins/sondage/sondage.php:32
Stack trace:
#0 /Applications/MAMP/htdocs/projet_sylur/wp-includes/class-wp-hook.php(287): Satisfaction_Plugin->menu_html('')
#1 /Applications/MAMP/htdocs/projet_sylur/wp-includes/class-wp-hook.php(311): WP_Hook->apply_filters('', Array)
#2 /Applications/MAMP/htdocs/projet_sylur/wp-includes/plugin.php(478): WP_Hook->do_action(Array)
#3 /Applications/MAMP/htdocs/projet_sylur/wp-admin/admin.php(254): do_action('toplevel_page_s...')
#4 {main}
  thrown dans /Applications/MAMP/htdocs/projet_sylur/wp-content/plugins/sondage/sondage.php à la ligne 32

2020-06-18T09:36:46+00:00 CRITICAL Uncaught Error: Call to undefined function resume() in /Applications/MAMP/htdocs/projet_sylur/wp-content/plugins/sondage/sondage.php:32
Stack trace:
#0 /Applications/MAMP/htdocs/projet_sylur/wp-includes/class-wp-hook.php(287): Satisfaction_Plugin->menu_html('')
#1 /Applications/MAMP/htdocs/projet_sylur/wp-includes/class-wp-hook.php(311): WP_Hook->apply_filters('', Array)
#2 /Applications/MAMP/htdocs/projet_sylur/wp-includes/plugin.php(478): WP_Hook->do_action(Array)
#3 /Applications/MAMP/htdocs/projet_sylur/wp-admin/admin.php(254): do_action('toplevel_page_s...')
#4 {main}
  thrown dans /Applications/MAMP/htdocs/projet_sylur/wp-content/plugins/sondage/sondage.php à la ligne 32

2020-06-18T09:36:59+00:00 CRITICAL Uncaught Error: Call to undefined function resume() in /Applications/MAMP/htdocs/projet_sylur/wp-content/plugins/sondage/sondage.php:32
Stack trace:
#0 /Applications/MAMP/htdocs/projet_sylur/wp-includes/class-wp-hook.php(287): Satisfaction_Plugin->menu_html('')
#1 /Applications/MAMP/htdocs/projet_sylur/wp-includes/class-wp-hook.php(311): WP_Hook->apply_filters('', Array)
#2 /Applications/MAMP/htdocs/projet_sylur/wp-includes/plugin.php(478): WP_Hook->do_action(Array)
#3 /Applications/MAMP/htdocs/projet_sylur/wp-admin/admin.php(254): do_action('toplevel_page_s...')
#4 {main}
  thrown dans /Applications/MAMP/htdocs/projet_sylur/wp-content/plugins/sondage/sondage.php à la ligne 32

2020-06-18T09:37:47+00:00 CRITICAL Uncaught Error: Call to undefined function resume() in /Applications/MAMP/htdocs/projet_sylur/wp-content/plugins/sondage/sondage.php:32
Stack trace:
#0 /Applications/MAMP/htdocs/projet_sylur/wp-includes/class-wp-hook.php(287): Satisfaction_Plugin->menu_html('')
#1 /Applications/MAMP/htdocs/projet_sylur/wp-includes/class-wp-hook.php(311): WP_Hook->apply_filters('', Array)
#2 /Applications/MAMP/htdocs/projet_sylur/wp-includes/plugin.php(478): WP_Hook->do_action(Array)
#3 /Applications/MAMP/htdocs/projet_sylur/wp-admin/admin.php(254): do_action('toplevel_page_s...')
#4 {main}
  thrown dans /Applications/MAMP/htdocs/projet_sylur/wp-content/plugins/sondage/sondage.php à la ligne 32

2020-06-18T14:16:06+00:00 CRITICAL require_once(): Failed opening required './' (include_path='.:/Applications/MAMP/bin/php/php7.4.2/lib/php') dans /Applications/MAMP/htdocs/projet_sylur/wp-content/themes/storefront-child/functions.php à la ligne 3

2020-06-18T14:16:20+00:00 CRITICAL require_once(): Failed opening required './' (include_path='.:/Applications/MAMP/bin/php/php7.4.2/lib/php') dans /Applications/MAMP/htdocs/projet_sylur/wp-content/themes/storefront-child/functions.php à la ligne 3

2020-06-18T14:18:07+00:00 CRITICAL require_once(): Failed opening required './options/apparence.php' (include_path='.:/Applications/MAMP/bin/php/php7.4.2/lib/php') dans /Applications/MAMP/htdocs/projet_sylur/wp-content/themes/storefront-child/functions.php à la ligne 3

2020-06-18T14:20:08+00:00 CRITICAL syntax error, unexpected ')', expecting variable (T_VARIABLE) dans /Applications/MAMP/htdocs/projet_sylur/wp-content/themes/storefront-child/options/apparence.php à la ligne 2

2020-06-18T14:20:22+00:00 CRITICAL syntax error, unexpected ')', expecting variable (T_VARIABLE) dans /Applications/MAMP/htdocs/projet_sylur/wp-content/themes/storefront-child/options/apparence.php à la ligne 2

2020-06-18T14:21:24+00:00 CRITICAL syntax error, unexpected ')', expecting variable (T_VARIABLE) dans /Applications/MAMP/htdocs/projet_sylur/wp-content/themes/storefront-child/options/apparence.php à la ligne 2

2020-06-18T14:23:24+00:00 CRITICAL syntax error, unexpected ')', expecting variable (T_VARIABLE) dans /Applications/MAMP/htdocs/projet_sylur/wp-content/themes/storefront-child/options/apparence.php à la ligne 2

2020-06-18T14:25:25+00:00 CRITICAL syntax error, unexpected '}' dans /Applications/MAMP/htdocs/projet_sylur/wp-content/themes/storefront-child/options/apparence.php à la ligne 9

2020-06-18T14:27:25+00:00 CRITICAL syntax error, unexpected '}' dans /Applications/MAMP/htdocs/projet_sylur/wp-content/themes/storefront-child/options/apparence.php à la ligne 11

2020-06-18T14:29:25+00:00 CRITICAL syntax error, unexpected '}' dans /Applications/MAMP/htdocs/projet_sylur/wp-content/themes/storefront-child/options/apparence.php à la ligne 15

